<?xml version="1.0" encoding="UTF-8"?>
<testng-results ignored="0" total="2" passed="2" failed="0" skipped="0">
  <reporter-output>
  </reporter-output>
  <suite started-at="2020-08-07T17:59:53 IST" name="Default suite" finished-at="2020-08-07T18:00:55 IST" duration-ms="62065">
    <groups>
    </groups>
    <test started-at="2020-08-07T17:59:53 IST" name="Default test" finished-at="2020-08-07T18:00:55 IST" duration-ms="62065">
      <class name="Selenium4.Seleniumlear">
        <test-method is-config="true" signature="setup()[pri:0, instance:Selenium4.Seleniumlear@69e1dd28]" started-at="2020-08-07T17:59:53 IST" name="setup" finished-at="2020-08-07T18:00:01 IST" duration-ms="8150" status="PASS">
          <reporter-output>
          </reporter-output>
        </test-method> <!-- setup -->
        <test-method signature="getdataread(java.lang.String, java.lang.String, java.lang.String, java.lang.String)[pri:0, instance:Selenium4.Seleniumlear@69e1dd28]" started-at="2020-08-07T18:00:01 IST" name="getdataread" data-provider="getdata" finished-at="2020-08-07T18:00:26 IST" duration-ms="24599" status="PASS">
          <params>
            <param index="0">
              <value>
                <![CDATA[Piyush]]>
              </value>
            </param>
            <param index="1">
              <value>
                <![CDATA[abc@abc.com]]>
              </value>
            </param>
            <param index="2">
              <value>
                <![CDATA[Jaipur]]>
              </value>
            </param>
            <param index="3">
              <value>
                <![CDATA[Jaipur]]>
              </value>
            </param>
          </params>
          <reporter-output>
          </reporter-output>
        </test-method> <!-- getdataread -->
        <test-method is-config="true" signature="setup()[pri:0, instance:Selenium4.Seleniumlear@69e1dd28]" started-at="2020-08-07T18:00:26 IST" name="setup" finished-at="2020-08-07T18:00:31 IST" duration-ms="5184" status="PASS">
          <reporter-output>
          </reporter-output>
        </test-method> <!-- setup -->
        <test-method signature="getdataread(java.lang.String, java.lang.String, java.lang.String, java.lang.String)[pri:0, instance:Selenium4.Seleniumlear@69e1dd28]" started-at="2020-08-07T18:00:31 IST" name="getdataread" data-provider="getdata" finished-at="2020-08-07T18:00:55 IST" duration-ms="24045" status="PASS">
          <params>
            <param index="0">
              <value>
                <![CDATA[Kiran]]>
              </value>
            </param>
            <param index="1">
              <value>
                <![CDATA[xyz@abc.com]]>
              </value>
            </param>
            <param index="2">
              <value>
                <![CDATA[Jaipur]]>
              </value>
            </param>
            <param index="3">
              <value>
                <![CDATA[Jaipur]]>
              </value>
            </param>
          </params>
          <reporter-output>
          </reporter-output>
        </test-method> <!-- getdataread -->
      </class> <!-- Selenium4.Seleniumlear -->
    </test> <!-- Default test -->
  </suite> <!-- Default suite -->
</testng-results>
